

Version:	3.50
CmdLine:	C:\Users\alfon\Desktop\Dist\miapp.exe --l4j-debug
JNI:		No
WOW64:		Yes
Working dir:	C:\Users\alfon\Desktop\Dist\.
Requires JDK:	No
Requires 64-Bit: No
Java min ver:	
Java max ver:	
JRE paths:	jre
Check launcher:	C:\Users\alfon\Desktop\Dist\jre\bin\javaw.exe (OK)
Version string: 1.025.000 / 64-Bit (OK)
Main class:	com.tunel.Launcher
Info:		Classpath not defined.
Launcher:	C:\Users\alfon\Desktop\Dist\jre\bin\javaw.exe
Launcher args:	-classpath "C:\Users\alfon\Desktop\Dist\miapp.exe" com.tunel.Launcher
Args length:	69/32768 chars
Exit code:	0


Version:	3.50
CmdLine:	C:\Users\alfon\Desktop\Dist\miapp.exe --l4j-debug
JNI:		No
WOW64:		Yes
Working dir:	C:\Users\alfon\Desktop\Dist\.
Requires JDK:	No
Requires 64-Bit: No
Java min ver:	
Java max ver:	
JRE paths:	jre
Check launcher:	C:\Users\alfon\Desktop\Dist\jre\bin\javaw.exe (OK)
Version string: 1.025.000 / 64-Bit (OK)
Main class:	com.tunel.Launcher
Info:		Classpath not defined.
Launcher:	C:\Users\alfon\Desktop\Dist\jre\bin\javaw.exe
Launcher args:	-classpath "C:\Users\alfon\Desktop\Dist\miapp.exe" com.tunel.Launcher
Args length:	69/32768 chars
Exit code:	0


Version:	3.50
CmdLine:	C:\Users\alfon\Desktop\Dist\miapp.exe --l4j-debug
JNI:		No
WOW64:		Yes
Working dir:	C:\Users\alfon\Desktop\Dist\.
Requires JDK:	No
Requires 64-Bit: No
Java min ver:	
Java max ver:	
JRE paths:	jre
Check launcher:	C:\Users\alfon\Desktop\Dist\jre\bin\javaw.exe (OK)
Version string: 1.025.000 / 64-Bit (OK)
Main class:	com.tunel.Launcher
Info:		Classpath not defined.
Launcher:	C:\Users\alfon\Desktop\Dist\jre\bin\javaw.exe
Launcher args:	-classpath "C:\Users\alfon\Desktop\Dist\miapp.exe" com.tunel.Launcher
Args length:	69/32768 chars
Exit code:	0


Version:	3.50
CmdLine:	C:\Users\alfon\Desktop\Dist\miapp.exe --l4j-debug
JNI:		No
WOW64:		Yes
Working dir:	C:\Users\alfon\Desktop\Dist\.
Requires JDK:	No
Requires 64-Bit: No
Java min ver:	
Java max ver:	
JRE paths:	jre
Check launcher:	C:\Users\alfon\Desktop\Dist\jre\bin\javaw.exe (OK)
Version string: 1.025.000 / 64-Bit (OK)
Main class:	com.tunel.Launcher
Info:		Classpath not defined.
Launcher:	C:\Users\alfon\Desktop\Dist\jre\bin\javaw.exe
Launcher args:	-classpath "C:\Users\alfon\Desktop\Dist\miapp.exe" com.tunel.Launcher
Args length:	69/32768 chars
Exit code:	0


Version:	3.50
CmdLine:	C:\Users\alfon\Desktop\Dist\miapp.exe --l4j-debug
JNI:		No
WOW64:		Yes
Working dir:	C:\Users\alfon\Desktop\Dist\.
Requires JDK:	No
Requires 64-Bit: No
Java min ver:	
Java max ver:	
JRE paths:	jre
Check launcher:	C:\Users\alfon\Desktop\Dist\jre\bin\javaw.exe (OK)
Version string: 1.025.000 / 64-Bit (OK)
Main class:	com.tunel.Launcher
Info:		Classpath not defined.
Launcher:	C:\Users\alfon\Desktop\Dist\jre\bin\javaw.exe
Launcher args:	-classpath "C:\Users\alfon\Desktop\Dist\miapp.exe" com.tunel.Launcher
Args length:	69/32768 chars
Exit code:	0
